<?xml version="1.0" encoding="UTF-8"?>
<!-- Generated by org.testng.reporters.JUnitXMLReporter -->
<testsuite ignored="1" hostname="L-16205" failures="1" tests="2" name="Test" time="219.669" errors="0" timestamp="2025-04-16T17:15:16 IST">
  <testcase classname="org.api.testCases.StartupUpChartTest" name="testGetSeriesValues" time="119.233"/>
  <testcase classname="org.api.testCases.EventAnalyzerChart" name="testGetEventValues" time="98.075">
    <failure type="java.lang.AssertionError" message="expected [FRONT_ECH_DUTYRATIO_ERR] but found [FRONT_ACECH2_DUTYRATIO_ERR]">
      <![CDATA[java.lang.AssertionError: expected [FRONT_ECH_DUTYRATIO_ERR] but found [FRONT_ACECH2_DUTYRATIO_ERR]
at org.api.testCases.EventAnalyzerChart.testGetEventValues(EventAnalyzerChart.java:57)
at java.base/java.util.ArrayList.forEach(ArrayList.java:1511)
... Removed 33 stack frames]]>
    </failure>
  </testcase> <!-- testGetEventValues -->
  <testcase classname="org.api.base.BaseTest" name="@BeforeTest init" time="0.0">
    <ignored/>
  </testcase> <!-- @BeforeTest init -->
</testsuite> <!-- Test -->
